<?xml version="1.0" encoding="UTF-8"?>
<!-- Generated by org.testng.reporters.JUnitReportReporter -->
<testsuite hostname="ravi-mac.local" failures="0" tests="1" name="runners.TestRunner" time="3.879" errors="0" timestamp="2024-10-27T09:59:39 IST" skipped="0">
  <testcase classname="runners.TestRunner" name="runScenario" time="3.879"/>
</testsuite> <!-- runners.TestRunner -->
