<?xml version="1.0" encoding="UTF-8"?>
<!-- Generated by org.testng.reporters.JUnitReportReporter -->
<testsuite hostname="ravi-mac.local" failures="0" tests="1" name="runners.TestRunner" time="8.599" errors="0" timestamp="2024-11-04T09:31:13 IST" skipped="0">
  <testcase classname="runners.TestRunner" name="runScenario" time="8.599"/>
</testsuite> <!-- runners.TestRunner -->
