<?xml version="1.0" encoding="UTF-8"?>
<!-- Generated by org.testng.reporters.JUnitReportReporter -->
<testsuite hostname="ravi-mac.local" failures="0" tests="2" name="runners.TestRunner" time="37.560" errors="0" timestamp="2024-10-27T09:59:34 IST" skipped="0">
  <testcase classname="runners.TestRunner" name="runScenario" time="28.719"/>
  <testcase classname="runners.TestRunner" name="runScenario" time="8.841"/>
</testsuite> <!-- runners.TestRunner -->
