<?xml version="1.0" encoding="UTF-8"?>
<!-- Generated by org.testng.reporters.JUnitReportReporter -->
<testsuite hostname="ravi-mac.local" failures="0" tests="2" name="runners.TestRunner" time="46.018" errors="0" timestamp="2024-11-04T09:49:24 IST" skipped="0">
  <testcase classname="runners.TestRunner" name="runScenario" time="33.929"/>
  <testcase classname="runners.TestRunner" name="runScenario" time="12.089"/>
</testsuite> <!-- runners.TestRunner -->
